<?xml version="1.0" encoding="UTF-8"?>
<!-- Generated by org.testng.reporters.JUnitReportReporter -->
<testsuite hostname="DSK-658" failures="0" tests="1" name="com.automation.practice.testng.LoginInvalid" time="44.049" errors="0" timestamp="2021-03-06T12:01:48 IST" skipped="0">
  <testcase classname="com.automation.practice.testng.LoginInvalid" name="f" time="44.049"/>
  <system-out/>
</testsuite> <!-- com.automation.practice.testng.LoginInvalid -->
