<?xml version="1.0" encoding="UTF-8"?>
<!-- Generated by org.testng.reporters.JUnitReportReporter -->
<testsuite hostname="DSK-658" failures="0" tests="1" name="testngdemo.NewTestNG1" time="20.273" errors="0" timestamp="2021-03-03T17:26:09 IST" skipped="0">
  <testcase classname="testngdemo.NewTestNG1" name="f" time="20.273"/>
  <system-out/>
</testsuite> <!-- testngdemo.NewTestNG1 -->
