<?xml version="1.0" encoding="UTF-8"?>
<!-- Generated by org.testng.reporters.JUnitReportReporter -->
<testsuite hostname="DSK-658" failures="0" tests="1" name="testngdemo.NewTest" time="20.957" errors="0" timestamp="2021-03-05T13:41:58 IST" skipped="0">
  <testcase classname="testngdemo.NewTest" name="f" time="20.957"/>
  <system-out/>
</testsuite> <!-- testngdemo.NewTest -->
