<?xml version="1.0" encoding="UTF-8"?>
<!-- Generated by org.testng.reporters.JUnitReportReporter -->
<testsuite hostname="DSK-658" failures="0" tests="1" name="testngdemo.LoginValid" time="24.972" errors="0" timestamp="2021-03-05T15:14:37 IST" skipped="0">
  <testcase classname="testngdemo.LoginValid" name="f" time="24.972"/>
  <system-out/>
</testsuite> <!-- testngdemo.LoginValid -->
