<?xml version="1.0" encoding="UTF-8"?>
<!-- Generated by org.testng.reporters.JUnitReportReporter -->
<testsuite hostname="DSK-658" failures="0" tests="1" name="com.automation.practice.testng.BestSellers" time="12.109" errors="0" timestamp="2021-03-06T14:03:57 IST" skipped="0">
  <testcase classname="com.automation.practice.testng.BestSellers" name="f" time="12.109"/>
  <system-out/>
</testsuite> <!-- com.automation.practice.testng.BestSellers -->
