<?xml version="1.0" encoding="UTF-8"?>
<!-- Generated by org.testng.reporters.JUnitReportReporter -->
<testsuite hostname="DSK-658" failures="0" tests="1" name="com.automation.practice.testng.Search" time="16.471" errors="0" timestamp="2021-03-06T13:49:10 IST" skipped="0">
  <testcase classname="com.automation.practice.testng.Search" name="f" time="16.471"/>
  <system-out/>
</testsuite> <!-- com.automation.practice.testng.Search -->
