<?xml version="1.0" encoding="UTF-8"?>
<!-- Generated by org.testng.reporters.JUnitReportReporter -->
<testsuite hostname="DSK-658" failures="0" tests="1" name="testngdemo.SignUpInvalid" time="21.694" errors="0" timestamp="2021-03-05T15:14:37 IST" skipped="0">
  <testcase classname="testngdemo.SignUpInvalid" name="f" time="21.694"/>
  <system-out/>
</testsuite> <!-- testngdemo.SignUpInvalid -->
