<?xml version="1.0" encoding="UTF-8"?>
<!-- Generated by org.testng.reporters.JUnitReportReporter -->
<testsuite hostname="DSK-658" failures="0" tests="1" name="com.automation.practice.testng.Swipe" time="19.263" errors="0" timestamp="2021-03-06T13:17:52 IST" skipped="0">
  <testcase classname="com.automation.practice.testng.Swipe" name="f" time="19.263"/>
  <system-out/>
</testsuite> <!-- com.automation.practice.testng.Swipe -->
